# JRE version: OpenJDK Runtime Environment (19.0.2+7) (build 19.0.2+7-44)
# Java VM: OpenJDK 64-Bit Server VM (19.0.2+7-44, mixed mode, sharing, tiered, compressed oops, compressed class ptrs, g1 gc, windows-amd64)
GC Precious Log:
 CardTable entry size: 512
 Card Set container configuration: InlinePtr #cards 4 size 8 Array Of Cards #cards 32 size 80 Howl #buckets 8 coarsen threshold 7372 Howl Bitmap #cards 1024 size 144 coarsen threshold 921 Card regions per heap region 1 cards per card region 8192
 CPUs: 12 total, 12 available
 Memory: 32627M
 Large Page Support: Disabled
 NUMA Support: Disabled
 Compressed Oops: Enabled (Zero based)
 Heap Region Size: 4M
 Heap Min Capacity: 8M
 Heap Initial Capacity: 512M
 Heap Max Capacity: 8160M
 Pre-touch: Disabled
 Parallel Workers: 10
 Concurrent Workers: 3
 Concurrent Refinement Workers: 10
 Periodic GC: Disabled
Heap:
 garbage-first heap   total 81920K, used 27772K [0x0000000602000000, 0x0000000800000000)
  region size 4096K, 3 young (12288K), 0 survivors (0K)
 Metaspace       used 32299K, committed 32704K, reserved 1114112K
  class space    used 4155K, committed 4352K, reserved 1048576K
GC Heap History (20 events):
Event: 22.025 GC heap before
{Heap before GC invocations=8 (full 0):
 garbage-first heap   total 122880K, used 78642K [0x0000000602000000, 0x0000000800000000)
  region size 4096K, 12 young (49152K), 1 survivors (4096K)
 Metaspace       used 28300K, committed 28672K, reserved 1114112K
  class space    used 3735K, committed 3904K, reserved 1048576K
}
Event: 22.028 GC heap after
{Heap after GC invocations=9 (full 0):
 garbage-first heap   total 122880K, used 58134K [0x0000000602000000, 0x0000000800000000)
  region size 4096K, 2 young (8192K), 2 survivors (8192K)
 Metaspace       used 28300K, committed 28672K, reserved 1114112K
  class space    used 3735K, committed 3904K, reserved 1048576K
}
Event: 23.449 GC heap before
{Heap before GC invocations=9 (full 0):
 garbage-first heap   total 122880K, used 82710K [0x0000000602000000, 0x0000000800000000)
  region size 4096K, 8 young (32768K), 2 survivors (8192K)
 Metaspace       used 28345K, committed 28736K, reserved 1114112K
  class space    used 3735K, committed 3904K, reserved 1048576K
}
Event: 23.451 GC heap after
{Heap after GC invocations=10 (full 0):
 garbage-first heap   total 122880K, used 57384K [0x0000000602000000, 0x0000000800000000)
  region size 4096K, 1 young (4096K), 1 survivors (4096K)
 Metaspace       used 28345K, committed 28736K, reserved 1114112K
  class space    used 3735K, committed 3904K, reserved 1048576K
}
Event: 28.296 GC heap before
{Heap before GC invocations=10 (full 0):
 garbage-first heap   total 122880K, used 86056K [0x0000000602000000, 0x0000000800000000)
  region size 4096K, 8 young (32768K), 1 survivors (4096K)
 Metaspace       used 28429K, committed 28800K, reserved 1114112K
  class space    used 3735K, committed 3904K, reserved 1048576K
}
Event: 28.297 GC heap after
{Heap after GC invocations=11 (full 0):
 garbage-first heap   total 122880K, used 57439K [0x0000000602000000, 0x0000000800000000)
  region size 4096K, 1 young (4096K), 1 survivors (4096K)
 Metaspace       used 28429K, committed 28800K, reserved 1114112K
  class space    used 3735K, committed 3904K, reserved 1048576K
}
Event: 38.144 GC heap before
{Heap before GC invocations=12 (full 0):
 garbage-first heap   total 122880K, used 65631K [0x0000000602000000, 0x0000000800000000)
  region size 4096K, 4 young (16384K), 1 survivors (4096K)
 Metaspace       used 31933K, committed 32384K, reserved 1114112K
  class space    used 4153K, committed 4352K, reserved 1048576K
}
Event: 38.167 GC heap after
{Heap after GC invocations=13 (full 1):
 garbage-first heap   total 122880K, used 34932K [0x0000000602000000, 0x0000000800000000)
  region size 4096K, 0 young (0K), 0 survivors (0K)
 Metaspace       used 31933K, committed 32384K, reserved 1114112K
  class space    used 4153K, committed 4352K, reserved 1048576K
}
Event: 187.306 GC heap before
{Heap before GC invocations=13 (full 1):
 garbage-first heap   total 122880K, used 79988K [0x0000000602000000, 0x0000000800000000)
  region size 4096K, 11 young (45056K), 0 survivors (0K)
 Metaspace       used 31970K, committed 32384K, reserved 1114112K
  class space    used 4154K, committed 4352K, reserved 1048576K
}
Event: 187.307 GC heap after
{Heap after GC invocations=14 (full 1):
 garbage-first heap   total 122880K, used 35095K [0x0000000602000000, 0x0000000800000000)
  region size 4096K, 1 young (4096K), 1 survivors (4096K)
 Metaspace       used 31970K, committed 32384K, reserved 1114112K
  class space    used 4154K, committed 4352K, reserved 1048576K
}
Event: 264.373 GC heap before
{Heap before GC invocations=14 (full 1):
 garbage-first heap   total 122880K, used 76055K [0x0000000602000000, 0x0000000800000000)
  region size 4096K, 12 young (49152K), 1 survivors (4096K)
 Metaspace       used 32112K, committed 32576K, reserved 1114112K
  class space    used 4154K, committed 4352K, reserved 1048576K
}
Event: 264.377 GC heap after
{Heap after GC invocations=15 (full 1):
 garbage-first heap   total 122880K, used 53242K [0x0000000602000000, 0x0000000800000000)
  region size 4096K, 2 young (8192K), 2 survivors (8192K)
 Metaspace       used 32112K, committed 32576K, reserved 1114112K
  class space    used 4154K, committed 4352K, reserved 1048576K
}
Event: 270.336 GC heap before
{Heap before GC invocations=15 (full 1):
 garbage-first heap   total 122880K, used 73722K [0x0000000602000000, 0x0000000800000000)
  region size 4096K, 8 young (32768K), 2 survivors (8192K)
 Metaspace       used 32208K, committed 32640K, reserved 1114112K
  class space    used 4154K, committed 4352K, reserved 1048576K
}
Event: 270.341 GC heap after
{Heap after GC invocations=16 (full 1):
 garbage-first heap   total 122880K, used 63577K [0x0000000602000000, 0x0000000800000000)
  region size 4096K, 1 young (4096K), 1 survivors (4096K)
 Metaspace       used 32208K, committed 32640K, reserved 1114112K
  class space    used 4154K, committed 4352K, reserved 1048576K
}
Event: 270.667 GC heap before
{Heap before GC invocations=16 (full 1):
 garbage-first heap   total 122880K, used 75865K [0x0000000602000000, 0x0000000800000000)
  region size 4096K, 5 young (20480K), 1 survivors (4096K)
 Metaspace       used 32239K, committed 32704K, reserved 1114112K
  class space    used 4154K, committed 4352K, reserved 1048576K
}
Event: 270.669 GC heap after
{Heap after GC invocations=17 (full 1):
 garbage-first heap   total 122880K, used 74112K [0x0000000602000000, 0x0000000800000000)
  region size 4096K, 1 young (4096K), 1 survivors (4096K)
 Metaspace       used 32239K, committed 32704K, reserved 1114112K
  class space    used 4154K, committed 4352K, reserved 1048576K
}
Event: 278.239 GC heap before
{Heap before GC invocations=18 (full 1):
 garbage-first heap   total 139264K, used 78208K [0x0000000602000000, 0x0000000800000000)
  region size 4096K, 3 young (12288K), 1 survivors (4096K)
 Metaspace       used 32287K, committed 32704K, reserved 1114112K
  class space    used 4154K, committed 4352K, reserved 1048576K
}
Event: 278.241 GC heap after
{Heap after GC invocations=19 (full 1):
 garbage-first heap   total 139264K, used 71641K [0x0000000602000000, 0x0000000800000000)
  region size 4096K, 1 young (4096K), 1 survivors (4096K)
 Metaspace       used 32287K, committed 32704K, reserved 1114112K
  class space    used 4154K, committed 4352K, reserved 1048576K
}
Event: 293.841 GC heap before
{Heap before GC invocations=19 (full 1):
 garbage-first heap   total 139264K, used 71641K [0x0000000602000000, 0x0000000800000000)
  region size 4096K, 2 young (8192K), 1 survivors (4096K)
 Metaspace       used 32295K, committed 32704K, reserved 1114112K
  class space    used 4154K, committed 4352K, reserved 1048576K
}
Event: 293.860 GC heap after
{Heap after GC invocations=20 (full 2):
 garbage-first heap   total 81920K, used 19580K [0x0000000602000000, 0x0000000800000000)
  region size 4096K, 0 young (0K), 0 survivors (0K)
 Metaspace       used 32295K, committed 32704K, reserved 1114112K
  class space    used 4154K, committed 4352K, reserved 1048576K
}

